0 info it worked if it ends with ok
1 verbose cli [ 'C:\\Program Files\\nodejs\\node.exe',
1 verbose cli   'C:\\Program Files\\nodejs\\node_modules\\npm\\bin\\npm-cli.js',
1 verbose cli   'run',
1 verbose cli   'build' ]
2 info using npm@3.10.10
3 info using node@v6.11.0
4 verbose run-script [ 'prebuild', 'build', 'postbuild' ]
5 info lifecycle @~prebuild: @
6 silly lifecycle @~prebuild: no script for prebuild, continuing
7 info lifecycle @~build: @
8 verbose lifecycle @~build: unsafe-perm in lifecycle true
9 verbose lifecycle @~build: PATH: C:\Program Files\nodejs\node_modules\npm\bin\node-gyp-bin;C:\Users\Josh Hoeg\Documents\GitHub\veltioacademy\va\env27\node_modules\.bin;C:\Users\JOSHHO~1\DOCUME~1\GitHub\VELTIO~1\va\env27\Scripts;C:\ProgramData\Oracle\Java\javapath;C:\Program Files (x86)\Intel\iCLS Client\;C:\Program Files\Intel\iCLS Client\;C:\WINDOWS\system32;C:\WINDOWS;C:\WINDOWS\System32\Wbem;C:\WINDOWS\System32\WindowsPowerShell\v1.0\;C:\Program Files (x86)\Intel\Intel(R) Management Engine Components\DAL;C:\Program Files\Intel\Intel(R) Management Engine Components\DAL;C:\Program Files (x86)\Intel\Intel(R) Management Engine Components\IPT;C:\Program Files\Intel\Intel(R) Management Engine Components\IPT;C:\Program Files\Intel\WiFi\bin\;C:\Program Files\Common Files\Intel\WirelessCommon\;C:\Program Files (x86)\PharosSystems\Core;C:\Program Files (x86)\Windows Kits\8.1\Windows Performance Toolkit\;C:\Python35;C:\Python35\Scripts;C:\Users\Josh Hoeg\.dnx\bin;C:\Program Files\Microsoft DNX\Dnvm\;C:\Program Files\Microsoft SQL Server\120\Tools\Binn\;C:\Program Files\Microsoft SQL Server\130\Tools\Binn\;C:\bin;C:\Program Files (x86)\Skype\Phone\;C:\ProgramData\chocolatey\bin;C:\Program Files\Git\cmd;C:\Program Files\MySQL\MySQL Utilities 1.6\;C:\Program Files\nodejs\;C:\Users\Josh Hoeg\scoop\shims;C:\Users\Josh Hoeg\AppData\Local\atom\bin;C:\Users\Josh Hoeg\AppData\Local\Microsoft\WindowsApps;C:\Program Files\PostgreSQL\9.6\bin;git.exe;C:\Users\Josh Hoeg\AppData\Roaming\npm
10 verbose lifecycle @~build: CWD: C:\Users\Josh Hoeg\Documents\GitHub\veltioacademy\va\env27
11 silly lifecycle @~build: Args: [ '/d /s /c',
11 silly lifecycle   'npm run clean && concurrently "npm run build:babel" "npm run build:js" "npm run build:css" "npm run copy:fonts" "npm run copy:images" && npm run optimize' ]
12 silly lifecycle @~build: Returned: code: 1  signal: null
13 info lifecycle @~build: Failed to exec build script
14 verbose stack Error: @ build: `npm run clean && concurrently "npm run build:babel" "npm run build:js" "npm run build:css" "npm run copy:fonts" "npm run copy:images" && npm run optimize`
14 verbose stack Exit status 1
14 verbose stack     at EventEmitter.<anonymous> (C:\Program Files\nodejs\node_modules\npm\lib\utils\lifecycle.js:255:16)
14 verbose stack     at emitTwo (events.js:106:13)
14 verbose stack     at EventEmitter.emit (events.js:191:7)
14 verbose stack     at ChildProcess.<anonymous> (C:\Program Files\nodejs\node_modules\npm\lib\utils\spawn.js:40:14)
14 verbose stack     at emitTwo (events.js:106:13)
14 verbose stack     at ChildProcess.emit (events.js:191:7)
14 verbose stack     at maybeClose (internal/child_process.js:891:16)
14 verbose stack     at Process.ChildProcess._handle.onexit (internal/child_process.js:226:5)
15 verbose pkgid @
16 verbose cwd C:\Users\Josh Hoeg\Documents\GitHub\veltioacademy\va\env27
17 error Windows_NT 10.0.14393
18 error argv "C:\\Program Files\\nodejs\\node.exe" "C:\\Program Files\\nodejs\\node_modules\\npm\\bin\\npm-cli.js" "run" "build"
19 error node v6.11.0
20 error npm  v3.10.10
21 error code ELIFECYCLE
22 error @ build: `npm run clean && concurrently "npm run build:babel" "npm run build:js" "npm run build:css" "npm run copy:fonts" "npm run copy:images" && npm run optimize`
22 error Exit status 1
23 error Failed at the @ build script 'npm run clean && concurrently "npm run build:babel" "npm run build:js" "npm run build:css" "npm run copy:fonts" "npm run copy:images" && npm run optimize'.
23 error Make sure you have the latest version of node.js and npm installed.
23 error If you do, this is most likely a problem with the  package,
23 error not with npm itself.
23 error Tell the author that this fails on your system:
23 error     npm run clean && concurrently "npm run build:babel" "npm run build:js" "npm run build:css" "npm run copy:fonts" "npm run copy:images" && npm run optimize
23 error You can get information on how to open an issue for this project with:
23 error     npm bugs
23 error Or if that isn't available, you can get their info via:
23 error     npm owner ls
23 error There is likely additional logging output above.
24 verbose exit [ 1, true ]
